-------------------------------------------------------------------------------
Test set: com.validator.analysis.testing.TestUpdatingBundle
-------------------------------------------------------------------------------
Tests run: 4, Failures: 1, Errors: 0, Skipped: 0, Time elapsed: 0.021 sec <<< FAILURE! - in com.validator.analysis.testing.TestUpdatingBundle
testForTypeMismatch(com.validator.analysis.testing.TestUpdatingBundle)  Time elapsed: 0.015 sec  <<< FAILURE!
java.lang.AssertionError: mismatch did not exist
	at com.validator.analysis.testing.TestUpdatingBundle.testForTypeMismatch(TestUpdatingBundle.java:182)

