-------------------------------------------------------------------------------
Test set: com.validator.analysis.testing.TestUpdatingBundle
-------------------------------------------------------------------------------
Tests run: 4, Failures: 1, Errors: 0, Skipped: 0, Time elapsed: 0.036 sec <<< FAILURE! - in com.validator.analysis.testing.TestUpdatingBundle
testSubTypedMethodBundle(com.validator.analysis.testing.TestUpdatingBundle)  Time elapsed: 0.003 sec  <<< FAILURE!
java.lang.AssertionError: Map does not contain anything other than EQUAL (TYPE MISMATCH)
	at com.validator.analysis.testing.TestUpdatingBundle.testSubTypedMethodBundle(TestUpdatingBundle.java:139)

