-------------------------------------------------------------------------------
Test set: com.validator.analysis.testing.TestUpdatingBundle
-------------------------------------------------------------------------------
Tests run: 5, Failures: 3, Errors: 0, Skipped: 0, Time elapsed: 0.409 sec <<< FAILURE! - in com.validator.analysis.testing.TestUpdatingBundle
testSubTypedMethodBundle(com.validator.analysis.testing.TestUpdatingBundle)  Time elapsed: 0.035 sec  <<< FAILURE!
java.lang.AssertionError: Nothing was subtyped :(
	at com.validator.analysis.testing.TestUpdatingBundle.testSubTypedMethodBundle(TestUpdatingBundle.java:142)

testForTypeMismatch(com.validator.analysis.testing.TestUpdatingBundle)  Time elapsed: 0.014 sec  <<< FAILURE!
java.lang.AssertionError: Map does not contain anything other than EQUAL (NO_METHOD)
	at com.validator.analysis.testing.TestUpdatingBundle.testForTypeMismatch(TestUpdatingBundle.java:175)

testOnLargerJar(com.validator.analysis.testing.TestUpdatingBundle)  Time elapsed: 0.349 sec  <<< FAILURE!
java.lang.AssertionError: Map does not have EQUAL comparison status
	at com.validator.analysis.testing.TestUpdatingBundle.testOnLargerJar(TestUpdatingBundle.java:214)

